<?xml version="1.0" encoding="UTF-8"?>
<testsuite name="com.kodilla.stream.forum.ForumUserTestSuite" tests="2" skipped="0" failures="0" errors="0" timestamp="2018-10-27T16:01:16" hostname="Tomek-Komputer" time="0.026">
  <properties/>
  <testcase name="testGetLocationsOfFriends" classname="com.kodilla.stream.forum.ForumUserTestSuite" time="0.019"/>
  <testcase name="testGetLocationsOfFriendsOfFriends" classname="com.kodilla.stream.forum.ForumUserTestSuite" time="0.006"/>
  <system-out><![CDATA[]]></system-out>
  <system-err><![CDATA[]]></system-err>
</testsuite>
