<?xml version="1.0" encoding="UTF-8"?>
<testsuite name="com.kodilla.spring.portfolio.BoardTestSuite" tests="1" skipped="0" failures="0" errors="0" timestamp="2018-10-27T16:01:08" hostname="Tomek-Komputer" time="0.002">
  <properties/>
  <testcase name="testBoard" classname="com.kodilla.spring.portfolio.BoardTestSuite" time="0.002"/>
  <system-out><![CDATA[2018-10-27 18:01:08.400  INFO 16412 --- [    Test worker] .b.t.c.SpringBootTestContextBootstrapper : Neither @ContextConfiguration nor @ContextHierarchy found for test class [com.kodilla.spring.portfolio.BoardTestSuite], using SpringBootContextLoader
2018-10-27 18:01:08.400  INFO 16412 --- [    Test worker] o.s.t.c.support.AbstractContextLoader    : Could not detect default resource locations for test class [com.kodilla.spring.portfolio.BoardTestSuite]: no resource found for suffixes {-context.xml, Context.groovy}.
2018-10-27 18:01:08.400  INFO 16412 --- [    Test worker] t.c.s.AnnotationConfigContextLoaderUtils : Could not detect default configuration classes for test class [com.kodilla.spring.portfolio.BoardTestSuite]: BoardTestSuite does not declare any static, non-private, non-final, nested classes annotated with @Configuration.
2018-10-27 18:01:08.420  INFO 16412 --- [    Test worker] .b.t.c.SpringBootTestContextBootstrapper : Found @SpringBootConfiguration com.kodilla.spring.SpringRunner for test class com.kodilla.spring.portfolio.BoardTestSuite
2018-10-27 18:01:08.430  INFO 16412 --- [    Test worker] .b.t.c.SpringBootTestContextBootstrapper : Loaded default TestExecutionListener class names from location [META-INF/spring.factories]: [org.springframework.boot.test.autoconfigure.restdocs.RestDocsTestExecutionListener, org.springframework.boot.test.autoconfigure.web.client.MockRestServiceServerResetTestExecutionListener, org.springframework.boot.test.autoconfigure.web.servlet.MockMvcPrintOnlyOnFailureTestExecutionListener, org.springframework.boot.test.autoconfigure.web.servlet.WebDriverTestExecutionListener, org.springframework.boot.test.mock.mockito.MockitoTestExecutionListener, org.springframework.boot.test.mock.mockito.ResetMocksTestExecutionListener, org.springframework.test.context.web.ServletTestExecutionListener, org.springframework.test.context.support.DirtiesContextBeforeModesTestExecutionListener, org.springframework.test.context.support.DependencyInjectionTestExecutionListener, org.springframework.test.context.support.DirtiesContextTestExecutionListener, org.springframework.test.context.transaction.TransactionalTestExecutionListener, org.springframework.test.context.jdbc.SqlScriptsTestExecutionListener]
2018-10-27 18:01:08.430  INFO 16412 --- [    Test worker] .b.t.c.SpringBootTestContextBootstrapper : Using TestExecutionListeners: [org.springframework.test.context.support.DirtiesContextBeforeModesTestExecutionListener@6a823da4, org.springframework.boot.test.mock.mockito.MockitoTestExecutionListener@2ec6ddae, org.springframework.boot.test.autoconfigure.SpringBootDependencyInjectionTestExecutionListener@73f6ba80, org.springframework.test.context.support.DirtiesContextTestExecutionListener@22647e5c, org.springframework.boot.test.autoconfigure.restdocs.RestDocsTestExecutionListener@597018a9, org.springframework.boot.test.autoconfigure.web.client.MockRestServiceServerResetTestExecutionListener@41c38584, org.springframework.boot.test.autoconfigure.web.servlet.MockMvcPrintOnlyOnFailureTestExecutionListener@7a71586, org.springframework.boot.test.autoconfigure.web.servlet.WebDriverTestExecutionListener@6b01db0, org.springframework.boot.test.mock.mockito.ResetMocksTestExecutionListener@5f5ce89f]
]]></system-out>
  <system-err><![CDATA[]]></system-err>
</testsuite>
