<?xml version="1.0" encoding="UTF-8"?>
<testsuite name="com.kodilla.testing.library.BookDirectoryTestSuite" tests="6" skipped="0" failures="0" errors="0"
           timestamp="2018-09-27T18:19:53" hostname="Tomek-Komputer" time="0.225">
    <properties/>
    <testcase name="testListBooksWithConditionFragmentShorterThan3"
              classname="com.kodilla.testing.library.BookDirectoryTestSuite" time="0.197"/>
    <testcase name="testListBookInHandsOf0Books" classname="com.kodilla.testing.library.BookDirectoryTestSuite"
              time="0.016"/>
    <testcase name="testListBooksWithConditionMoreThan20" classname="com.kodilla.testing.library.BookDirectoryTestSuite"
              time="0.008"/>
    <testcase name="testListBooksWithConditionsReturnList"
              classname="com.kodilla.testing.library.BookDirectoryTestSuite" time="0.001"/>
    <testcase name="testListBookInHandsOf1Book" classname="com.kodilla.testing.library.BookDirectoryTestSuite"
              time="0.001"/>
    <testcase name="testListBookInHandsOf5Book" classname="com.kodilla.testing.library.BookDirectoryTestSuite"
              time="0.001"/>
    <system-out><![CDATA[]]></system-out>
    <system-err><![CDATA[]]></system-err>
</testsuite>
