<?xml version="1.0" encoding="UTF-8"?>
<testsuite name="com.kodilla.testing.forum.Statistics.StatisticsTestSuite" tests="7" skipped="0" failures="0" errors="0" timestamp="2018-10-27T16:01:21" hostname="Tomek-Komputer" time="1.581">
  <properties/>
  <testcase name="testPostAmount0" classname="com.kodilla.testing.forum.Statistics.StatisticsTestSuite" time="1.57"/>
  <testcase name="testUsersAmount100" classname="com.kodilla.testing.forum.Statistics.StatisticsTestSuite" time="0.001"/>
  <testcase name="testUsersAmount0" classname="com.kodilla.testing.forum.Statistics.StatisticsTestSuite" time="0.001"/>
  <testcase name="testPostAmount1000" classname="com.kodilla.testing.forum.Statistics.StatisticsTestSuite" time="0.001"/>
  <testcase name="testCommentsAmount0" classname="com.kodilla.testing.forum.Statistics.StatisticsTestSuite" time="0.001"/>
  <testcase name="testCommentsBiggerThenPosts" classname="com.kodilla.testing.forum.Statistics.StatisticsTestSuite" time="0.001"/>
  <testcase name="testCommentsLessThenPosts" classname="com.kodilla.testing.forum.Statistics.StatisticsTestSuite" time="0.001"/>
  <system-out><![CDATA[]]></system-out>
  <system-err><![CDATA[]]></system-err>
</testsuite>
