<?xml version="1.0" encoding="UTF-8"?>
<testsuite name="com.kodilla.testing.shape.ShapeCollectorTestSuite" tests="6" skipped="0" failures="0" errors="0" timestamp="2018-10-27T16:01:23" hostname="Tomek-Komputer" time="0.013">
  <properties/>
  <testcase name="testGetNotExistingFigure" classname="com.kodilla.testing.shape.ShapeCollectorTestSuite" time="0.008"/>
  <testcase name="testShowFigure" classname="com.kodilla.testing.shape.ShapeCollectorTestSuite" time="0.0"/>
  <testcase name="testRemoveFigure" classname="com.kodilla.testing.shape.ShapeCollectorTestSuite" time="0.001"/>
  <testcase name="testRemoveNotExistingFigure" classname="com.kodilla.testing.shape.ShapeCollectorTestSuite" time="0.001"/>
  <testcase name="testAddFigure" classname="com.kodilla.testing.shape.ShapeCollectorTestSuite" time="0.0"/>
  <testcase name="testGetFigure" classname="com.kodilla.testing.shape.ShapeCollectorTestSuite" time="0.0"/>
  <system-out><![CDATA[This is the beginning of tests.
Prepering to execute test #1
Prepering to execute test #2
Prepering to execute test #3
Prepering to execute test #4
Prepering to execute test #5
Prepering to execute test #6
All tests are finished.
]]></system-out>
  <system-err><![CDATA[]]></system-err>
</testsuite>
