<?xml version="1.0" encoding="UTF-8"?>
<testsuite name="com.kodilla.testing.collection.CollectionTestSuite" tests="2" skipped="0" failures="0" errors="0" timestamp="2018-10-27T16:01:21" hostname="Tomek-Komputer" time="0.011">
  <properties/>
  <testcase name="testOddNumbersExterminatorEmptyList" classname="com.kodilla.testing.collection.CollectionTestSuite" time="0.008"/>
  <testcase name="testOddNumbersExterminatorNormalList" classname="com.kodilla.testing.collection.CollectionTestSuite" time="0.002"/>
  <system-out><![CDATA[Test Suite: Begin
Test case: Begin
Test case: End
Test case: Begin
Test case: End
Test Suite: end
]]></system-out>
  <system-err><![CDATA[]]></system-err>
</testsuite>
