<?xml version="1.0" encoding="UTF-8"?>
<testsuite name="com.kodilla.testing.forum.Statistics.StatisticsTestSuite" tests="7" skipped="0" failures="0" errors="0"
           timestamp="2018-09-27T18:19:51" hostname="Tomek-Komputer" time="1.59">
    <properties/>
    <testcase name="testPostAmount0" classname="com.kodilla.testing.forum.Statistics.StatisticsTestSuite" time="1.579"/>
    <testcase name="testUsersAmount100" classname="com.kodilla.testing.forum.Statistics.StatisticsTestSuite"
              time="0.001"/>
    <testcase name="testUsersAmount0" classname="com.kodilla.testing.forum.Statistics.StatisticsTestSuite"
              time="0.001"/>
    <testcase name="testPostAmount1000" classname="com.kodilla.testing.forum.Statistics.StatisticsTestSuite"
              time="0.002"/>
    <testcase name="testCommentsAmount0" classname="com.kodilla.testing.forum.Statistics.StatisticsTestSuite"
              time="0.002"/>
    <testcase name="testCommentsBiggerThenPosts" classname="com.kodilla.testing.forum.Statistics.StatisticsTestSuite"
              time="0.002"/>
    <testcase name="testCommentsLessThenPosts" classname="com.kodilla.testing.forum.Statistics.StatisticsTestSuite"
              time="0.001"/>
    <system-out><![CDATA[]]></system-out>
    <system-err><![CDATA[]]></system-err>
</testsuite>
