<?xml version="1.0" encoding="UTF-8"?>
<testsuite name="com.kodilla.patterns.strategy.social.UserTestSuite" tests="2" skipped="0" failures="0" errors="0" timestamp="2018-10-27T15:49:03" hostname="Tomek-Komputer" time="0.006">
  <properties/>
  <testcase name="testDefaultSharingStrategies" classname="com.kodilla.patterns.strategy.social.UserTestSuite" time="0.005"/>
  <testcase name="testIndividualInvestingStrategy" classname="com.kodilla.patterns.strategy.social.UserTestSuite" time="0.0"/>
  <system-out><![CDATA[Jack Daniels published on: Facebook
Jim Beam published on: Twitter
Johnnie Walker published on: Snapchat
Jack Daniels published on: Facebook
Jack Daniels published on: Twitter
]]></system-out>
  <system-err><![CDATA[]]></system-err>
</testsuite>
