<?xml version="1.0" encoding="UTF-8"?>
<testsuite name="com.kodilla.patterns.builder.bigMac.BigMacTestSuite" tests="1" skipped="0" failures="0" errors="0" timestamp="2018-10-27T15:49:02" hostname="Tomek-Komputer" time="0.016">
  <properties/>
  <testcase name="testBigMacBuilder" classname="com.kodilla.patterns.builder.bigMac.BigMacTestSuite" time="0.016"/>
  <system-out><![CDATA[BigMac{bun='Sesam bun', burgers=2, sauce='BBQ', ingredients=[Tomato, Onion, Cheese, Pickle, Bacon, Salad]}
]]></system-out>
  <system-err><![CDATA[]]></system-err>
</testsuite>
