<?xml version="1.0" encoding="UTF-8"?>
<testsuite name="com.kodilla.patterns.prototype.library.LibraryTestSuite" tests="1" skipped="0" failures="0" errors="0" timestamp="2018-10-27T15:49:02" hostname="Tomek-Komputer" time="0.134">
  <properties/>
  <testcase name="testGetBooks" classname="com.kodilla.patterns.prototype.library.LibraryTestSuite" time="0.134"/>
  <system-out><![CDATA[Library [Books library 1]
[Book{title='Title 1', author='Author 1', publicationDate=2018-10-27}, Book{title='Title 3', author='Author 3', publicationDate=2018-10-12}, Book{title='Title 4', author='Author 4', publicationDate=2018-09-27}, Book{title='Title 2', author='Author 2', publicationDate=2018-10-17}]
[Book{title='Title 1', author='Author 1', publicationDate=2018-10-27}, Book{title='Title 3', author='Author 3', publicationDate=2018-10-12}, Book{title='Title 4', author='Author 4', publicationDate=2018-09-27}, Book{title='Title 2', author='Author 2', publicationDate=2018-10-17}]
[Book{title='Title 1', author='Author 1', publicationDate=2018-10-27}, Book{title='Title 3', author='Author 3', publicationDate=2018-10-12}, Book{title='Title 4', author='Author 4', publicationDate=2018-09-27}, Book{title='Title 2', author='Author 2', publicationDate=2018-10-17}]
[Book{title='Title 1', author='Author 1', publicationDate=2018-10-27}, Book{title='Title 3', author='Author 3', publicationDate=2018-10-12}, Book{title='Title 4', author='Author 4', publicationDate=2018-09-27}, Book{title='Title 2', author='Author 2', publicationDate=2018-10-17}]

Library [Books libtaty 2]
[Book{title='Title 1', author='Author 1', publicationDate=2018-10-27}, Book{title='Title 3', author='Author 3', publicationDate=2018-10-12}, Book{title='Title 4', author='Author 4', publicationDate=2018-09-27}, Book{title='Title 2', author='Author 2', publicationDate=2018-10-17}]
[Book{title='Title 1', author='Author 1', publicationDate=2018-10-27}, Book{title='Title 3', author='Author 3', publicationDate=2018-10-12}, Book{title='Title 4', author='Author 4', publicationDate=2018-09-27}, Book{title='Title 2', author='Author 2', publicationDate=2018-10-17}]
[Book{title='Title 1', author='Author 1', publicationDate=2018-10-27}, Book{title='Title 3', author='Author 3', publicationDate=2018-10-12}, Book{title='Title 4', author='Author 4', publicationDate=2018-09-27}, Book{title='Title 2', author='Author 2', publicationDate=2018-10-17}]
[Book{title='Title 1', author='Author 1', publicationDate=2018-10-27}, Book{title='Title 3', author='Author 3', publicationDate=2018-10-12}, Book{title='Title 4', author='Author 4', publicationDate=2018-09-27}, Book{title='Title 2', author='Author 2', publicationDate=2018-10-17}]

Library [Books library 1]
[Book{title='Title 3', author='Author 3', publicationDate=2018-10-12}, Book{title='Title 4', author='Author 4', publicationDate=2018-09-27}, Book{title='Title 2', author='Author 2', publicationDate=2018-10-17}]
[Book{title='Title 3', author='Author 3', publicationDate=2018-10-12}, Book{title='Title 4', author='Author 4', publicationDate=2018-09-27}, Book{title='Title 2', author='Author 2', publicationDate=2018-10-17}]
[Book{title='Title 3', author='Author 3', publicationDate=2018-10-12}, Book{title='Title 4', author='Author 4', publicationDate=2018-09-27}, Book{title='Title 2', author='Author 2', publicationDate=2018-10-17}]

Library [Books libtaty 2]
[Book{title='Title 3', author='Author 3', publicationDate=2018-10-12}, Book{title='Title 4', author='Author 4', publicationDate=2018-09-27}, Book{title='Title 2', author='Author 2', publicationDate=2018-10-17}]
[Book{title='Title 3', author='Author 3', publicationDate=2018-10-12}, Book{title='Title 4', author='Author 4', publicationDate=2018-09-27}, Book{title='Title 2', author='Author 2', publicationDate=2018-10-17}]
[Book{title='Title 3', author='Author 3', publicationDate=2018-10-12}, Book{title='Title 4', author='Author 4', publicationDate=2018-09-27}, Book{title='Title 2', author='Author 2', publicationDate=2018-10-17}]

Library [Books library 3]
[Book{title='Title 4', author='Author 4', publicationDate=2018-09-27}, Book{title='Title 3', author='Author 3', publicationDate=2018-10-12}, Book{title='Title 1', author='Author 1', publicationDate=2018-10-27}, Book{title='Title 2', author='Author 2', publicationDate=2018-10-17}]
[Book{title='Title 4', author='Author 4', publicationDate=2018-09-27}, Book{title='Title 3', author='Author 3', publicationDate=2018-10-12}, Book{title='Title 1', author='Author 1', publicationDate=2018-10-27}, Book{title='Title 2', author='Author 2', publicationDate=2018-10-17}]
[Book{title='Title 4', author='Author 4', publicationDate=2018-09-27}, Book{title='Title 3', author='Author 3', publicationDate=2018-10-12}, Book{title='Title 1', author='Author 1', publicationDate=2018-10-27}, Book{title='Title 2', author='Author 2', publicationDate=2018-10-17}]
[Book{title='Title 4', author='Author 4', publicationDate=2018-09-27}, Book{title='Title 3', author='Author 3', publicationDate=2018-10-12}, Book{title='Title 1', author='Author 1', publicationDate=2018-10-27}, Book{title='Title 2', author='Author 2', publicationDate=2018-10-17}]

]]></system-out>
  <system-err><![CDATA[]]></system-err>
</testsuite>
