<?xml version="1.0" encoding="UTF-8"?>
<testsuite name="com.kodilla.patterns.builder.pizza.PizzaTestSuite" tests="1" skipped="0" failures="0" errors="0" timestamp="2018-10-27T15:49:02" hostname="Tomek-Komputer" time="0.003">
  <properties/>
  <testcase name="testPizzaNew" classname="com.kodilla.patterns.builder.pizza.PizzaTestSuite" time="0.003"/>
  <system-out><![CDATA[Pizza{bottom='thin', sauce='spicy', ingredients=[onion, ham, mushroom]}
]]></system-out>
  <system-err><![CDATA[]]></system-err>
</testsuite>
